[debug] [2020-11-03T09:29:55.136Z] ----------------------------------------------------------------------
[debug] [2020-11-03T09:29:55.138Z] Command:       /usr/local/Cellar/node/14.11.0/bin/node /usr/local/bin/firebase deploy --only functions:summary
[debug] [2020-11-03T09:29:55.139Z] CLI Version:   8.14.1
[debug] [2020-11-03T09:29:55.139Z] Platform:      darwin
[debug] [2020-11-03T09:29:55.139Z] Node Version:  v14.11.0
[debug] [2020-11-03T09:29:55.145Z] Time:          Tue Nov 03 2020 09:29:55 GMT+0000 (Greenwich Mean Time)
[debug] [2020-11-03T09:29:55.146Z] ----------------------------------------------------------------------
[debug] [2020-11-03T09:29:55.146Z] 
[debug] [2020-11-03T09:29:55.160Z] > command requires scopes: ["email","openid","https://www.googleapis.com/auth/cloudplatformprojects.readonly","https://www.googleapis.com/auth/firebase","https://www.googleapis.com/auth/cloud-platform"]
[debug] [2020-11-03T09:29:55.160Z] > authorizing via signed-in user
[debug] [2020-11-03T09:29:55.162Z] [iam] checking project summarize-1325c for permissions ["cloudfunctions.functions.create","cloudfunctions.functions.delete","cloudfunctions.functions.get","cloudfunctions.functions.list","cloudfunctions.functions.update","cloudfunctions.operations.get","firebase.projects.get"]
[debug] [2020-11-03T09:29:55.165Z] >>> HTTP REQUEST POST https://cloudresourcemanager.googleapis.com/v1/projects/summarize-1325c:testIamPermissions  
 {"permissions":["cloudfunctions.functions.create","cloudfunctions.functions.delete","cloudfunctions.functions.get","cloudfunctions.functions.list","cloudfunctions.functions.update","cloudfunctions.operations.get","firebase.projects.get"]}
[debug] [2020-11-03T09:29:55.875Z] <<< HTTP RESPONSE 200 {"content-type":"application/json; charset=UTF-8","vary":"X-Origin, Referer, Origin,Accept-Encoding","date":"Tue, 03 Nov 2020 09:29:57 GMT","server":"ESF","cache-control":"private","x-xss-protection":"0","x-frame-options":"SAMEORIGIN","x-content-type-options":"nosniff","server-timing":"gfet4t7; dur=546","alt-svc":"h3-Q050=\":443\"; ma=2592000,h3-29=\":443\"; ma=2592000,h3-T051=\":443\"; ma=2592000,h3-T050=\":443\"; ma=2592000,h3-Q046=\":443\"; ma=2592000,h3-Q043=\":443\"; ma=2592000,quic=\":443\"; ma=2592000; v=\"46,43\"","accept-ranges":"none","transfer-encoding":"chunked"}
[debug] [2020-11-03T09:29:55.876Z] >>> HTTP REQUEST POST https://iam.googleapis.com/v1/projects/summarize-1325c/serviceAccounts/summarize-1325c@appspot.gserviceaccount.com:testIamPermissions  
 {"permissions":["iam.serviceAccounts.actAs"]}
[debug] [2020-11-03T09:29:56.615Z] <<< HTTP RESPONSE 200 {"content-type":"application/json; charset=UTF-8","vary":"X-Origin, Referer, Origin,Accept-Encoding","date":"Tue, 03 Nov 2020 09:29:58 GMT","server":"ESF","cache-control":"private","x-xss-protection":"0","x-frame-options":"SAMEORIGIN","x-content-type-options":"nosniff","alt-svc":"h3-Q050=\":443\"; ma=2592000,h3-29=\":443\"; ma=2592000,h3-T051=\":443\"; ma=2592000,h3-T050=\":443\"; ma=2592000,h3-Q046=\":443\"; ma=2592000,h3-Q043=\":443\"; ma=2592000,quic=\":443\"; ma=2592000; v=\"46,43\"","accept-ranges":"none","transfer-encoding":"chunked"}
[info] 
[info] === Deploying to 'summarize-1325c'...
[info] 
[info] i  deploying functions 
[info] Running command: npm --prefix "$RESOURCE_DIR" run lint
[info] Running command: npm --prefix "$RESOURCE_DIR" run build
[info] ✔  functions: Finished running predeploy script. 
[debug] [2020-11-03T09:30:13.747Z] > [functions] package.json contents: {
  "name": "functions",
  "scripts": {
    "lint": "eslint \"src/**/*\"",
    "build": "tsc",
    "serve": "npm run build && firebase emulators:start --only functions",
    "shell": "npm run build && firebase functions:shell",
    "start": "npm run shell",
    "deploy": "firebase deploy --only functions",
    "logs": "firebase functions:log"
  },
  "engines": {
    "node": "12"
  },
  "main": "lib/index.js",
  "dependencies": {
    "express": "^4.17.1",
    "firebase-admin": "^9.2.0",
    "firebase-functions": "^3.11.0"
  },
  "devDependencies": {
    "@typescript-eslint/eslint-plugin": "^3.9.1",
    "@typescript-eslint/parser": "^3.8.0",
    "eslint": "^7.6.0",
    "eslint-plugin-import": "^2.22.0",
    "typescript": "^3.8.0",
    "firebase-functions-test": "^0.2.0"
  },
  "private": true
}
[info] i  functions: ensuring required API cloudfunctions.googleapis.com is enabled... 
[info] i  functions: ensuring required API cloudbuild.googleapis.com is enabled... 
[debug] [2020-11-03T09:30:15.281Z] >>> HTTP REQUEST GET https://serviceusage.googleapis.com/v1/projects/summarize-1325c/services/cloudfunctions.googleapis.com  
 
[debug] [2020-11-03T09:30:15.282Z] >>> HTTP REQUEST GET https://serviceusage.googleapis.com/v1/projects/summarize-1325c/services/runtimeconfig.googleapis.com  
 
[debug] [2020-11-03T09:30:15.282Z] >>> HTTP REQUEST GET https://serviceusage.googleapis.com/v1/projects/summarize-1325c/services/cloudbuild.googleapis.com  
 
[debug] [2020-11-03T09:30:16.080Z] <<< HTTP RESPONSE 200 {"content-type":"application/json; charset=UTF-8","vary":"X-Origin, Referer, Origin,Accept-Encoding","date":"Tue, 03 Nov 2020 09:30:18 GMT","server":"ESF","cache-control":"private","x-xss-protection":"0","x-frame-options":"SAMEORIGIN","x-content-type-options":"nosniff","alt-svc":"h3-Q050=\":443\"; ma=2592000,h3-29=\":443\"; ma=2592000,h3-T051=\":443\"; ma=2592000,h3-T050=\":443\"; ma=2592000,h3-Q046=\":443\"; ma=2592000,h3-Q043=\":443\"; ma=2592000,quic=\":443\"; ma=2592000; v=\"46,43\"","accept-ranges":"none","transfer-encoding":"chunked"}
[info] ✔  functions: required API cloudbuild.googleapis.com is enabled 
[debug] [2020-11-03T09:30:16.081Z] <<< HTTP RESPONSE 200 {"content-type":"application/json; charset=UTF-8","vary":"X-Origin, Referer, Origin,Accept-Encoding","date":"Tue, 03 Nov 2020 09:30:18 GMT","server":"ESF","cache-control":"private","x-xss-protection":"0","x-frame-options":"SAMEORIGIN","x-content-type-options":"nosniff","alt-svc":"h3-Q050=\":443\"; ma=2592000,h3-29=\":443\"; ma=2592000,h3-T051=\":443\"; ma=2592000,h3-T050=\":443\"; ma=2592000,h3-Q046=\":443\"; ma=2592000,h3-Q043=\":443\"; ma=2592000,quic=\":443\"; ma=2592000; v=\"46,43\"","accept-ranges":"none","transfer-encoding":"chunked"}
[debug] [2020-11-03T09:30:16.114Z] <<< HTTP RESPONSE 200 {"content-type":"application/json; charset=UTF-8","vary":"X-Origin, Referer, Origin,Accept-Encoding","date":"Tue, 03 Nov 2020 09:30:18 GMT","server":"ESF","cache-control":"private","x-xss-protection":"0","x-frame-options":"SAMEORIGIN","x-content-type-options":"nosniff","alt-svc":"h3-Q050=\":443\"; ma=2592000,h3-29=\":443\"; ma=2592000,h3-T051=\":443\"; ma=2592000,h3-T050=\":443\"; ma=2592000,h3-Q046=\":443\"; ma=2592000,h3-Q043=\":443\"; ma=2592000,quic=\":443\"; ma=2592000; v=\"46,43\"","accept-ranges":"none","transfer-encoding":"chunked"}
[info] ✔  functions: required API cloudfunctions.googleapis.com is enabled 
[debug] [2020-11-03T09:30:16.116Z] >>> HTTP REQUEST GET https://firebase.googleapis.com/v1beta1/projects/summarize-1325c/adminSdkConfig  
 
[debug] [2020-11-03T09:30:16.489Z] <<< HTTP RESPONSE 200 {"content-type":"application/json; charset=UTF-8","vary":"X-Origin, Referer, Origin,Accept-Encoding","date":"Tue, 03 Nov 2020 09:30:18 GMT","server":"ESF","cache-control":"private","x-xss-protection":"0","x-frame-options":"SAMEORIGIN","x-content-type-options":"nosniff","alt-svc":"h3-Q050=\":443\"; ma=2592000,h3-29=\":443\"; ma=2592000,h3-T051=\":443\"; ma=2592000,h3-T050=\":443\"; ma=2592000,h3-Q046=\":443\"; ma=2592000,h3-Q043=\":443\"; ma=2592000,quic=\":443\"; ma=2592000; v=\"46,43\"","accept-ranges":"none","transfer-encoding":"chunked"}
[info] i  functions: preparing functions directory for uploading... 
[debug] [2020-11-03T09:30:16.491Z] >>> HTTP REQUEST GET https://runtimeconfig.googleapis.com/v1beta1/projects/summarize-1325c/configs  
 
[debug] [2020-11-03T09:30:16.997Z] <<< HTTP RESPONSE 200 {"content-type":"application/json; charset=UTF-8","vary":"X-Origin, Referer, Origin,Accept-Encoding","date":"Tue, 03 Nov 2020 09:30:18 GMT","server":"ESF","cache-control":"private","x-xss-protection":"0","x-frame-options":"SAMEORIGIN","x-content-type-options":"nosniff","alt-svc":"h3-Q050=\":443\"; ma=2592000,h3-29=\":443\"; ma=2592000,h3-T051=\":443\"; ma=2592000,h3-T050=\":443\"; ma=2592000,h3-Q046=\":443\"; ma=2592000,h3-Q043=\":443\"; ma=2592000,quic=\":443\"; ma=2592000; v=\"46,43\"","accept-ranges":"none","transfer-encoding":"chunked"}
[info] i  functions: packaged functions (48.15 KB) for uploading 
[debug] [2020-11-03T09:30:17.312Z] >>> HTTP REQUEST GET https://cloudfunctions.googleapis.com/v1/projects/summarize-1325c/locations/-/functions  
 
[debug] [2020-11-03T09:30:17.845Z] <<< HTTP RESPONSE 200 {"content-type":"application/json; charset=UTF-8","vary":"X-Origin, Referer, Origin,Accept-Encoding","date":"Tue, 03 Nov 2020 09:30:19 GMT","server":"ESF","cache-control":"private","x-xss-protection":"0","x-frame-options":"SAMEORIGIN","x-content-type-options":"nosniff","alt-svc":"h3-Q050=\":443\"; ma=2592000,h3-29=\":443\"; ma=2592000,h3-T051=\":443\"; ma=2592000,h3-T050=\":443\"; ma=2592000,h3-Q046=\":443\"; ma=2592000,h3-Q043=\":443\"; ma=2592000,quic=\":443\"; ma=2592000; v=\"46,43\"","accept-ranges":"none","transfer-encoding":"chunked"}
[debug] [2020-11-03T09:30:17.849Z] >>> HTTP REQUEST POST https://cloudfunctions.googleapis.com/v1/projects/summarize-1325c/locations/us-central1/functions:generateUploadUrl  
 
[debug] [2020-11-03T09:30:18.530Z] <<< HTTP RESPONSE 200 {"content-type":"application/json; charset=UTF-8","vary":"X-Origin, Referer, Origin,Accept-Encoding","date":"Tue, 03 Nov 2020 09:30:20 GMT","server":"ESF","cache-control":"private","x-xss-protection":"0","x-frame-options":"SAMEORIGIN","x-content-type-options":"nosniff","alt-svc":"h3-Q050=\":443\"; ma=2592000,h3-29=\":443\"; ma=2592000,h3-T051=\":443\"; ma=2592000,h3-T050=\":443\"; ma=2592000,h3-Q046=\":443\"; ma=2592000,h3-Q043=\":443\"; ma=2592000,quic=\":443\"; ma=2592000; v=\"46,43\"","accept-ranges":"none","transfer-encoding":"chunked"}
[debug] [2020-11-03T09:30:18.531Z] >>> HTTP REQUEST PUT https://storage.googleapis.com/gcf-upload-us-central1-f0295ea4-ae34-457b-b3ea-30ce32a9e68b/b4c443ee-9083-40b1-b39d-d11d36b76e97.zip?GoogleAccessId=service-397524109196@gcf-admin-robot.iam.gserviceaccount.com&Expires=1604397620&Signature=P%2FHzudZMVDIFBd5lLmFoSDEIIf%2FLn%2F2hMGrLtj%2FI%2FQZkEmwqw0Os3oQhn2FTK1TLP4blTh%2F3N3%2BdYNQbk0pe18GtQfm8yWuyALXntNXU9Fg0qfo%2BnBqPdT7lHvXFF1Un%2FJwbEk6SBudEhuPTHsTLYd3UkPcgfLeV89LBEDMExtmWsFa2wxtX2xWtOVgo7UG9nkDeCJ7Aef0Quqi%2FDeqhMk80H96X57NW9Jzbhojmwun5NWOkLMout%2BFGMMkouhTRrWSrFQF0BbmSPMgTSbXar2u6OnNrRYeaCOhWdtdRscyqFfL8YOx3QefUrF5tyO4u6VSVWtXSkfdAix%2F8pYVw8A%3D%3D  
 <request body omitted>
[debug] [2020-11-03T09:30:19.003Z] <<< HTTP RESPONSE 200 {"x-guploader-uploadid":"ABg5-UwxT-wJ8A1yWG8E4_mw_uAMjvkdyt2ieb2u6MR8dF5qHMltJa2fRkasBIiLe-9jjBFkw79PLxGVxtdz94U3PFA","etag":"\"067dfa523779a7d1ac55e6315ed94a06\"","x-goog-generation":"1604395820941995","x-goog-metageneration":"1","x-goog-hash":"crc32c=rOcjMw==, md5=Bn36Ujd5p9GsVeYxXtlKBg==","x-goog-stored-content-length":"49307","x-goog-stored-content-encoding":"identity","vary":"Origin","content-length":"0","date":"Tue, 03 Nov 2020 09:30:20 GMT","server":"UploadServer","content-type":"text/html; charset=UTF-8","alt-svc":"h3-Q050=\":443\"; ma=2592000,h3-29=\":443\"; ma=2592000,h3-T051=\":443\"; ma=2592000,h3-T050=\":443\"; ma=2592000,h3-Q046=\":443\"; ma=2592000,h3-Q043=\":443\"; ma=2592000,quic=\":443\"; ma=2592000; v=\"46,43\""}
[info] ✔  functions: functions folder uploaded successfully 
[debug] [2020-11-03T09:30:19.006Z] > [functions] filtering triggers to: [
  "projects/summarize-1325c/locations/us-central1/functions/summary"
]
[info] i  functions: current functions in project: summary(us-central1), user(us-central1) 
[info] i  functions: uploading functions in project: summary(us-central1) 
[info] i  functions: updating Node.js 12 function summary(us-central1)... 
[debug] [2020-11-03T09:30:19.016Z] Trigger is:  {"httpsTrigger":{}}
[debug] [2020-11-03T09:30:19.018Z] >>> HTTP REQUEST PATCH https://cloudfunctions.googleapis.com/v1/projects/summarize-1325c/locations/us-central1/functions/summary {"updateMask":"sourceUploadUrl,name,labels,runtime,environmentVariables,httpsTrigger"} 
 {"sourceUploadUrl":"https://storage.googleapis.com/gcf-upload-us-central1-f0295ea4-ae34-457b-b3ea-30ce32a9e68b/b4c443ee-9083-40b1-b39d-d11d36b76e97.zip?GoogleAccessId=service-397524109196@gcf-admin-robot.iam.gserviceaccount.com&Expires=1604397620&Signature=P%2FHzudZMVDIFBd5lLmFoSDEIIf%2FLn%2F2hMGrLtj%2FI%2FQZkEmwqw0Os3oQhn2FTK1TLP4blTh%2F3N3%2BdYNQbk0pe18GtQfm8yWuyALXntNXU9Fg0qfo%2BnBqPdT7lHvXFF1Un%2FJwbEk6SBudEhuPTHsTLYd3UkPcgfLeV89LBEDMExtmWsFa2wxtX2xWtOVgo7UG9nkDeCJ7Aef0Quqi%2FDeqhMk80H96X57NW9Jzbhojmwun5NWOkLMout%2BFGMMkouhTRrWSrFQF0BbmSPMgTSbXar2u6OnNrRYeaCOhWdtdRscyqFfL8YOx3QefUrF5tyO4u6VSVWtXSkfdAix%2F8pYVw8A%3D%3D","name":"projects/summarize-1325c/locations/us-central1/functions/summary","labels":{"deployment-tool":"cli-firebase"},"httpsTrigger":{},"runtime":"nodejs12","environmentVariables":{"FIREBASE_CONFIG":"{\"projectId\":\"summarize-1325c\",\"databaseURL\":\"https://summarize-1325c.firebaseio.com\",\"storageBucket\":\"summarize-1325c.appspot.com\",\"locationId\":\"europe-west\"}"}}
